{"X:\\Hacktiv8\\Phase 3\\MyFinalProject\\DonasiYuk-server\\app.js": {"path":"X:\\Hacktiv8\\Phase 3\\MyFinalProject\\DonasiYuk-server\\app.js","statementMap":{"0":{"start":{"line":1,"column":0},"end":{"line":1,"column":26}},"1":{"start":{"line":2,"column":16},"end":{"line":2,"column":34}},"2":{"start":{"line":3,"column":12},"end":{"line":3,"column":21}},"3":{"start":{"line":4,"column":13},"end":{"line":4,"column":17}},"4":{"start":{"line":5,"column":15},"end":{"line":5,"column":40}},"5":{"start":{"line":7,"column":0},"end":{"line":7,"column":24}},"6":{"start":{"line":8,"column":0},"end":{"line":8,"column":46}},"7":{"start":{"line":9,"column":0},"end":{"line":9,"column":16}},"8":{"start":{"line":15,"column":0},"end":{"line":15,"column":20}}},"fnMap":{},"branchMap":{},"s":{"0":3,"1":3,"2":3,"3":3,"4":3,"5":3,"6":3,"7":3,"8":3},"f":{},"b":{},"_coverageSchema":"1a1c01bbd47fc00a2c39e90264f33305004495a9","hash":"c7b156094cee76a0399094045b7638ce044d37aa"}
,"X:\\Hacktiv8\\Phase 3\\MyFinalProject\\DonasiYuk-server\\controllers\\DonationController.js": {"path":"X:\\Hacktiv8\\Phase 3\\MyFinalProject\\DonasiYuk-server\\controllers\\DonationController.js","statementMap":{"0":{"start":{"line":1,"column":23},"end":{"line":1,"column":49}},"1":{"start":{"line":2,"column":15},"end":{"line":2,"column":35}},"2":{"start":{"line":3,"column":59},"end":{"line":3,"column":79}},"3":{"start":{"line":4,"column":21},"end":{"line":4,"column":53}},"4":{"start":{"line":9,"column":8},"end":{"line":18,"column":9}},"5":{"start":{"line":10,"column":23},"end":{"line":10,"column":34}},"6":{"start":{"line":11,"column":75},"end":{"line":11,"column":83}},"7":{"start":{"line":12,"column":32},"end":{"line":12,"column":121}},"8":{"start":{"line":13,"column":12},"end":{"line":15,"column":13}},"9":{"start":{"line":14,"column":16},"end":{"line":14,"column":53}},"10":{"start":{"line":17,"column":12},"end":{"line":17,"column":21}},"11":{"start":{"line":22,"column":8},"end":{"line":27,"column":9}},"12":{"start":{"line":23,"column":25},"end":{"line":23,"column":49}},"13":{"start":{"line":24,"column":12},"end":{"line":24,"column":38}},"14":{"start":{"line":26,"column":12},"end":{"line":26,"column":21}},"15":{"start":{"line":31,"column":8},"end":{"line":43,"column":9}},"16":{"start":{"line":32,"column":23},"end":{"line":32,"column":36}},"17":{"start":{"line":33,"column":32},"end":{"line":33,"column":59}},"18":{"start":{"line":34,"column":12},"end":{"line":39,"column":13}},"19":{"start":{"line":35,"column":16},"end":{"line":38,"column":17}},"20":{"start":{"line":40,"column":12},"end":{"line":40,"column":45}},"21":{"start":{"line":42,"column":12},"end":{"line":42,"column":21}},"22":{"start":{"line":47,"column":27},"end":{"line":47,"column":40}},"23":{"start":{"line":54,"column":12},"end":{"line":54,"column":20}},"24":{"start":{"line":55,"column":8},"end":{"line":79,"column":9}},"25":{"start":{"line":56,"column":26},"end":{"line":56,"column":62}},"26":{"start":{"line":57,"column":12},"end":{"line":76,"column":13}},"27":{"start":{"line":58,"column":16},"end":{"line":67,"column":17}},"28":{"start":{"line":68,"column":16},"end":{"line":70,"column":17}},"29":{"start":{"line":72,"column":16},"end":{"line":75,"column":17}},"30":{"start":{"line":78,"column":12},"end":{"line":78,"column":21}},"31":{"start":{"line":83,"column":8},"end":{"line":120,"column":9}},"32":{"start":{"line":84,"column":23},"end":{"line":84,"column":36}},"33":{"start":{"line":85,"column":27},"end":{"line":85,"column":38}},"34":{"start":{"line":86,"column":31},"end":{"line":86,"column":39}},"35":{"start":{"line":87,"column":35},"end":{"line":87,"column":125}},"36":{"start":{"line":88,"column":12},"end":{"line":116,"column":13}},"37":{"start":{"line":89,"column":27},"end":{"line":93,"column":18}},"38":{"start":{"line":95,"column":32},"end":{"line":111,"column":17}},"39":{"start":{"line":113,"column":26},"end":{"line":113,"column":65}},"40":{"start":{"line":114,"column":16},"end":{"line":114,"column":47}},"41":{"start":{"line":115,"column":16},"end":{"line":115,"column":41}},"42":{"start":{"line":118,"column":12},"end":{"line":118,"column":29}},"43":{"start":{"line":119,"column":12},"end":{"line":119,"column":21}},"44":{"start":{"line":125,"column":18},"end":{"line":125,"column":47}},"45":{"start":{"line":126,"column":8},"end":{"line":186,"column":9}},"46":{"start":{"line":127,"column":12},"end":{"line":127,"column":34}},"47":{"start":{"line":128,"column":96},"end":{"line":128,"column":104}},"48":{"start":{"line":130,"column":23},"end":{"line":130,"column":105}},"49":{"start":{"line":132,"column":12},"end":{"line":181,"column":13}},"50":{"start":{"line":133,"column":16},"end":{"line":133,"column":37}},"51":{"start":{"line":134,"column":16},"end":{"line":175,"column":17}},"52":{"start":{"line":135,"column":47},"end":{"line":139,"column":22}},"53":{"start":{"line":141,"column":31},"end":{"line":141,"column":77}},"54":{"start":{"line":142,"column":44},"end":{"line":144,"column":22}},"55":{"start":{"line":146,"column":39},"end":{"line":146,"column":73}},"56":{"start":{"line":147,"column":38},"end":{"line":147,"column":51}},"57":{"start":{"line":148,"column":44},"end":{"line":151,"column":22}},"58":{"start":{"line":152,"column":20},"end":{"line":152,"column":41}},"59":{"start":{"line":153,"column":20},"end":{"line":161,"column":21}},"60":{"start":{"line":154,"column":24},"end":{"line":154,"column":40}},"61":{"start":{"line":155,"column":24},"end":{"line":155,"column":61}},"62":{"start":{"line":157,"column":24},"end":{"line":160,"column":25}},"63":{"start":{"line":163,"column":23},"end":{"line":175,"column":17}},"64":{"start":{"line":164,"column":47},"end":{"line":166,"column":22}},"65":{"start":{"line":167,"column":20},"end":{"line":174,"column":21}},"66":{"start":{"line":168,"column":24},"end":{"line":168,"column":64}},"67":{"start":{"line":170,"column":24},"end":{"line":173,"column":25}},"68":{"start":{"line":177,"column":16},"end":{"line":180,"column":17}},"69":{"start":{"line":184,"column":12},"end":{"line":184,"column":30}},"70":{"start":{"line":185,"column":12},"end":{"line":185,"column":21}},"71":{"start":{"line":190,"column":8},"end":{"line":202,"column":9}},"72":{"start":{"line":191,"column":27},"end":{"line":191,"column":35}},"73":{"start":{"line":192,"column":34},"end":{"line":197,"column":14}},"74":{"start":{"line":199,"column":12},"end":{"line":199,"column":47}},"75":{"start":{"line":201,"column":12},"end":{"line":201,"column":21}},"76":{"start":{"line":206,"column":8},"end":{"line":240,"column":9}},"77":{"start":{"line":207,"column":27},"end":{"line":207,"column":37}},"78":{"start":{"line":209,"column":30},"end":{"line":209,"column":38}},"79":{"start":{"line":211,"column":29},"end":{"line":211,"column":56}},"80":{"start":{"line":213,"column":12},"end":{"line":218,"column":13}},"81":{"start":{"line":214,"column":16},"end":{"line":217,"column":17}},"82":{"start":{"line":222,"column":36},"end":{"line":225,"column":14}},"83":{"start":{"line":227,"column":12},"end":{"line":232,"column":13}},"84":{"start":{"line":228,"column":16},"end":{"line":231,"column":17}},"85":{"start":{"line":234,"column":12},"end":{"line":234,"column":139}},"86":{"start":{"line":236,"column":12},"end":{"line":236,"column":55}},"87":{"start":{"line":238,"column":12},"end":{"line":238,"column":29}},"88":{"start":{"line":239,"column":12},"end":{"line":239,"column":21}},"89":{"start":{"line":244,"column":8},"end":{"line":263,"column":9}},"90":{"start":{"line":245,"column":55},"end":{"line":245,"column":63}},"91":{"start":{"line":246,"column":30},"end":{"line":246,"column":85}},"92":{"start":{"line":260,"column":12},"end":{"line":260,"column":47}},"93":{"start":{"line":262,"column":12},"end":{"line":262,"column":21}},"94":{"start":{"line":268,"column":0},"end":{"line":268,"column":36}}},"fnMap":{"0":{"name":"(anonymous_0)","decl":{"start":{"line":8,"column":4},"end":{"line":8,"column":5}},"loc":{"start":{"line":8,"column":48},"end":{"line":19,"column":5}},"line":8},"1":{"name":"(anonymous_1)","decl":{"start":{"line":21,"column":4},"end":{"line":21,"column":5}},"loc":{"start":{"line":21,"column":49},"end":{"line":28,"column":5}},"line":21},"2":{"name":"(anonymous_2)","decl":{"start":{"line":30,"column":4},"end":{"line":30,"column":5}},"loc":{"start":{"line":30,"column":48},"end":{"line":44,"column":5}},"line":30},"3":{"name":"(anonymous_3)","decl":{"start":{"line":46,"column":4},"end":{"line":46,"column":5}},"loc":{"start":{"line":46,"column":46},"end":{"line":80,"column":5}},"line":46},"4":{"name":"(anonymous_4)","decl":{"start":{"line":82,"column":4},"end":{"line":82,"column":5}},"loc":{"start":{"line":82,"column":45},"end":{"line":122,"column":5}},"line":82},"5":{"name":"(anonymous_5)","decl":{"start":{"line":124,"column":4},"end":{"line":124,"column":5}},"loc":{"start":{"line":124,"column":50},"end":{"line":187,"column":5}},"line":124},"6":{"name":"(anonymous_6)","decl":{"start":{"line":189,"column":4},"end":{"line":189,"column":5}},"loc":{"start":{"line":189,"column":46},"end":{"line":203,"column":5}},"line":189},"7":{"name":"(anonymous_7)","decl":{"start":{"line":205,"column":4},"end":{"line":205,"column":5}},"loc":{"start":{"line":205,"column":42},"end":{"line":241,"column":5}},"line":205},"8":{"name":"(anonymous_8)","decl":{"start":{"line":243,"column":4},"end":{"line":243,"column":5}},"loc":{"start":{"line":243,"column":43},"end":{"line":264,"column":5}},"line":243}},"branchMap":{"0":{"loc":{"start":{"line":13,"column":12},"end":{"line":15,"column":13}},"type":"if","locations":[{"start":{"line":13,"column":12},"end":{"line":15,"column":13}},{"start":{"line":13,"column":12},"end":{"line":15,"column":13}}],"line":13},"1":{"loc":{"start":{"line":34,"column":12},"end":{"line":39,"column":13}},"type":"if","locations":[{"start":{"line":34,"column":12},"end":{"line":39,"column":13}},{"start":{"line":34,"column":12},"end":{"line":39,"column":13}}],"line":34},"2":{"loc":{"start":{"line":57,"column":12},"end":{"line":76,"column":13}},"type":"if","locations":[{"start":{"line":57,"column":12},"end":{"line":76,"column":13}},{"start":{"line":57,"column":12},"end":{"line":76,"column":13}}],"line":57},"3":{"loc":{"start":{"line":88,"column":12},"end":{"line":116,"column":13}},"type":"if","locations":[{"start":{"line":88,"column":12},"end":{"line":116,"column":13}},{"start":{"line":88,"column":12},"end":{"line":116,"column":13}}],"line":88},"4":{"loc":{"start":{"line":132,"column":12},"end":{"line":181,"column":13}},"type":"if","locations":[{"start":{"line":132,"column":12},"end":{"line":181,"column":13}},{"start":{"line":132,"column":12},"end":{"line":181,"column":13}}],"line":132},"5":{"loc":{"start":{"line":134,"column":16},"end":{"line":175,"column":17}},"type":"if","locations":[{"start":{"line":134,"column":16},"end":{"line":175,"column":17}},{"start":{"line":134,"column":16},"end":{"line":175,"column":17}}],"line":134},"6":{"loc":{"start":{"line":134,"column":20},"end":{"line":134,"column":89}},"type":"binary-expr","locations":[{"start":{"line":134,"column":20},"end":{"line":134,"column":51}},{"start":{"line":134,"column":55},"end":{"line":134,"column":89}}],"line":134},"7":{"loc":{"start":{"line":153,"column":20},"end":{"line":161,"column":21}},"type":"if","locations":[{"start":{"line":153,"column":20},"end":{"line":161,"column":21}},{"start":{"line":153,"column":20},"end":{"line":161,"column":21}}],"line":153},"8":{"loc":{"start":{"line":153,"column":24},"end":{"line":153,"column":61}},"type":"binary-expr","locations":[{"start":{"line":153,"column":24},"end":{"line":153,"column":42}},{"start":{"line":153,"column":46},"end":{"line":153,"column":61}}],"line":153},"9":{"loc":{"start":{"line":163,"column":23},"end":{"line":175,"column":17}},"type":"if","locations":[{"start":{"line":163,"column":23},"end":{"line":175,"column":17}},{"start":{"line":163,"column":23},"end":{"line":175,"column":17}}],"line":163},"10":{"loc":{"start":{"line":163,"column":27},"end":{"line":163,"column":123}},"type":"binary-expr","locations":[{"start":{"line":163,"column":27},"end":{"line":163,"column":57}},{"start":{"line":163,"column":61},"end":{"line":163,"column":89}},{"start":{"line":163,"column":93},"end":{"line":163,"column":123}}],"line":163},"11":{"loc":{"start":{"line":167,"column":20},"end":{"line":174,"column":21}},"type":"if","locations":[{"start":{"line":167,"column":20},"end":{"line":174,"column":21}},{"start":{"line":167,"column":20},"end":{"line":174,"column":21}}],"line":167},"12":{"loc":{"start":{"line":213,"column":12},"end":{"line":218,"column":13}},"type":"if","locations":[{"start":{"line":213,"column":12},"end":{"line":218,"column":13}},{"start":{"line":213,"column":12},"end":{"line":218,"column":13}}],"line":213},"13":{"loc":{"start":{"line":227,"column":12},"end":{"line":232,"column":13}},"type":"if","locations":[{"start":{"line":227,"column":12},"end":{"line":232,"column":13}},{"start":{"line":227,"column":12},"end":{"line":232,"column":13}}],"line":227}},"s":{"0":3,"1":3,"2":3,"3":3,"4":12,"5":12,"6":12,"7":12,"8":2,"9":2,"10":10,"11":1,"12":1,"13":1,"14":0,"15":2,"16":2,"17":2,"18":2,"19":1,"20":1,"21":1,"22":2,"23":2,"24":2,"25":2,"26":2,"27":1,"28":1,"29":1,"30":1,"31":3,"32":3,"33":3,"34":3,"35":3,"36":0,"37":0,"38":0,"39":0,"40":0,"41":0,"42":3,"43":3,"44":0,"45":0,"46":0,"47":0,"48":0,"49":0,"50":0,"51":0,"52":0,"53":0,"54":0,"55":0,"56":0,"57":0,"58":0,"59":0,"60":0,"61":0,"62":0,"63":0,"64":0,"65":0,"66":0,"67":0,"68":0,"69":0,"70":0,"71":1,"72":1,"73":1,"74":1,"75":0,"76":2,"77":2,"78":2,"79":2,"80":2,"81":1,"82":1,"83":1,"84":0,"85":1,"86":1,"87":1,"88":1,"89":2,"90":2,"91":2,"92":1,"93":1,"94":3},"f":{"0":12,"1":1,"2":2,"3":2,"4":3,"5":0,"6":1,"7":2,"8":2},"b":{"0":[2,0],"1":[1,1],"2":[1,1],"3":[0,0],"4":[0,0],"5":[0,0],"6":[0,0],"7":[0,0],"8":[0,0],"9":[0,0],"10":[0,0,0],"11":[0,0],"12":[1,1],"13":[0,1]},"_coverageSchema":"1a1c01bbd47fc00a2c39e90264f33305004495a9","hash":"788a3a375a8149d49bdd2330a4984e72dc41bea5"}
,"X:\\Hacktiv8\\Phase 3\\MyFinalProject\\DonasiYuk-server\\controllers\\UserController.js": {"path":"X:\\Hacktiv8\\Phase 3\\MyFinalProject\\DonasiYuk-server\\controllers\\UserController.js","statementMap":{"0":{"start":{"line":1,"column":40},"end":{"line":1,"column":60}},"1":{"start":{"line":2,"column":25},"end":{"line":2,"column":55}},"2":{"start":{"line":3,"column":15},"end":{"line":3,"column":40}},"3":{"start":{"line":8,"column":8},"end":{"line":18,"column":9}},"4":{"start":{"line":9,"column":91},"end":{"line":9,"column":99}},"5":{"start":{"line":11,"column":28},"end":{"line":11,"column":103}},"6":{"start":{"line":12,"column":12},"end":{"line":15,"column":14}},"7":{"start":{"line":17,"column":12},"end":{"line":17,"column":22}},"8":{"start":{"line":22,"column":34},"end":{"line":22,"column":42}},"9":{"start":{"line":24,"column":8},"end":{"line":60,"column":10}},"10":{"start":{"line":28,"column":12},"end":{"line":51,"column":13}},"11":{"start":{"line":29,"column":30},"end":{"line":29,"column":61}},"12":{"start":{"line":30,"column":16},"end":{"line":43,"column":17}},"13":{"start":{"line":31,"column":41},"end":{"line":34,"column":22}},"14":{"start":{"line":35,"column":20},"end":{"line":35,"column":73}},"15":{"start":{"line":37,"column":20},"end":{"line":37,"column":49}},"16":{"start":{"line":38,"column":20},"end":{"line":42,"column":22}},"17":{"start":{"line":45,"column":16},"end":{"line":45,"column":46}},"18":{"start":{"line":46,"column":16},"end":{"line":50,"column":18}},"19":{"start":{"line":54,"column":12},"end":{"line":54,"column":41}},"20":{"start":{"line":55,"column":12},"end":{"line":59,"column":14}},"21":{"start":{"line":64,"column":8},"end":{"line":85,"column":9}},"22":{"start":{"line":65,"column":27},"end":{"line":65,"column":35}},"23":{"start":{"line":67,"column":32},"end":{"line":67,"column":55}},"24":{"start":{"line":76,"column":12},"end":{"line":82,"column":14}},"25":{"start":{"line":84,"column":12},"end":{"line":84,"column":21}},"26":{"start":{"line":89,"column":8},"end":{"line":100,"column":9}},"27":{"start":{"line":90,"column":65},"end":{"line":90,"column":73}},"28":{"start":{"line":92,"column":32},"end":{"line":95,"column":14}},"29":{"start":{"line":97,"column":12},"end":{"line":97,"column":51}},"30":{"start":{"line":99,"column":12},"end":{"line":99,"column":21}},"31":{"start":{"line":104,"column":8},"end":{"line":132,"column":9}},"32":{"start":{"line":105,"column":28},"end":{"line":105,"column":44}},"33":{"start":{"line":106,"column":26},"end":{"line":106,"column":56}},"34":{"start":{"line":107,"column":34},"end":{"line":107,"column":41}},"35":{"start":{"line":109,"column":23},"end":{"line":121,"column":14}},"36":{"start":{"line":122,"column":31},"end":{"line":122,"column":77}},"37":{"start":{"line":123,"column":12},"end":{"line":123,"column":52}},"38":{"start":{"line":124,"column":12},"end":{"line":129,"column":15}},"39":{"start":{"line":131,"column":12},"end":{"line":131,"column":21}},"40":{"start":{"line":136,"column":8},"end":{"line":149,"column":9}},"41":{"start":{"line":137,"column":27},"end":{"line":137,"column":35}},"42":{"start":{"line":139,"column":37},"end":{"line":145,"column":14}},"43":{"start":{"line":146,"column":12},"end":{"line":146,"column":50}},"44":{"start":{"line":148,"column":12},"end":{"line":148,"column":21}},"45":{"start":{"line":153,"column":0},"end":{"line":153,"column":32}}},"fnMap":{"0":{"name":"(anonymous_0)","decl":{"start":{"line":7,"column":4},"end":{"line":7,"column":5}},"loc":{"start":{"line":7,"column":42},"end":{"line":19,"column":5}},"line":7},"1":{"name":"(anonymous_1)","decl":{"start":{"line":21,"column":4},"end":{"line":21,"column":5}},"loc":{"start":{"line":21,"column":32},"end":{"line":61,"column":5}},"line":21},"2":{"name":"(anonymous_2)","decl":{"start":{"line":27,"column":14},"end":{"line":27,"column":15}},"loc":{"start":{"line":27,"column":22},"end":{"line":52,"column":9}},"line":27},"3":{"name":"(anonymous_3)","decl":{"start":{"line":53,"column":15},"end":{"line":53,"column":16}},"loc":{"start":{"line":53,"column":21},"end":{"line":60,"column":9}},"line":53},"4":{"name":"(anonymous_4)","decl":{"start":{"line":63,"column":4},"end":{"line":63,"column":5}},"loc":{"start":{"line":63,"column":45},"end":{"line":86,"column":5}},"line":63},"5":{"name":"(anonymous_5)","decl":{"start":{"line":88,"column":4},"end":{"line":88,"column":5}},"loc":{"start":{"line":88,"column":42},"end":{"line":101,"column":5}},"line":88},"6":{"name":"(anonymous_6)","decl":{"start":{"line":103,"column":4},"end":{"line":103,"column":5}},"loc":{"start":{"line":103,"column":45},"end":{"line":133,"column":5}},"line":103},"7":{"name":"(anonymous_7)","decl":{"start":{"line":135,"column":4},"end":{"line":135,"column":5}},"loc":{"start":{"line":135,"column":52},"end":{"line":150,"column":5}},"line":135}},"branchMap":{"0":{"loc":{"start":{"line":9,"column":18},"end":{"line":9,"column":29}},"type":"default-arg","locations":[{"start":{"line":9,"column":27},"end":{"line":9,"column":29}}],"line":9},"1":{"loc":{"start":{"line":9,"column":31},"end":{"line":9,"column":39}},"type":"default-arg","locations":[{"start":{"line":9,"column":37},"end":{"line":9,"column":39}}],"line":9},"2":{"loc":{"start":{"line":9,"column":41},"end":{"line":9,"column":52}},"type":"default-arg","locations":[{"start":{"line":9,"column":50},"end":{"line":9,"column":52}}],"line":9},"3":{"loc":{"start":{"line":9,"column":76},"end":{"line":9,"column":87}},"type":"default-arg","locations":[{"start":{"line":9,"column":81},"end":{"line":9,"column":87}}],"line":9},"4":{"loc":{"start":{"line":28,"column":12},"end":{"line":51,"column":13}},"type":"if","locations":[{"start":{"line":28,"column":12},"end":{"line":51,"column":13}},{"start":{"line":28,"column":12},"end":{"line":51,"column":13}}],"line":28},"5":{"loc":{"start":{"line":30,"column":16},"end":{"line":43,"column":17}},"type":"if","locations":[{"start":{"line":30,"column":16},"end":{"line":43,"column":17}},{"start":{"line":30,"column":16},"end":{"line":43,"column":17}}],"line":30}},"s":{"0":3,"1":3,"2":3,"3":9,"4":9,"5":9,"6":1,"7":8,"8":6,"9":6,"10":5,"11":4,"12":4,"13":3,"14":3,"15":1,"16":1,"17":1,"18":1,"19":1,"20":1,"21":1,"22":1,"23":1,"24":1,"25":0,"26":1,"27":1,"28":1,"29":1,"30":0,"31":0,"32":0,"33":0,"34":0,"35":0,"36":0,"37":0,"38":0,"39":0,"40":1,"41":1,"42":1,"43":0,"44":1,"45":3},"f":{"0":9,"1":6,"2":5,"3":1,"4":1,"5":1,"6":0,"7":1},"b":{"0":[1],"1":[1],"2":[1],"3":[9],"4":[4,1],"5":[3,1]},"_coverageSchema":"1a1c01bbd47fc00a2c39e90264f33305004495a9","hash":"84b44716396d8ff0294e64ea11084d50ba313a8d"}
,"X:\\Hacktiv8\\Phase 3\\MyFinalProject\\DonasiYuk-server\\helpers\\bcryptjs.js": {"path":"X:\\Hacktiv8\\Phase 3\\MyFinalProject\\DonasiYuk-server\\helpers\\bcryptjs.js","statementMap":{"0":{"start":{"line":1,"column":15},"end":{"line":1,"column":34}},"1":{"start":{"line":4,"column":17},"end":{"line":4,"column":39}},"2":{"start":{"line":5,"column":4},"end":{"line":5,"column":50}},"3":{"start":{"line":9,"column":4},"end":{"line":9,"column":46}},"4":{"start":{"line":12,"column":0},"end":{"line":15,"column":1}}},"fnMap":{"0":{"name":"encode","decl":{"start":{"line":3,"column":9},"end":{"line":3,"column":15}},"loc":{"start":{"line":3,"column":25},"end":{"line":6,"column":1}},"line":3},"1":{"name":"decode","decl":{"start":{"line":8,"column":9},"end":{"line":8,"column":15}},"loc":{"start":{"line":8,"column":31},"end":{"line":10,"column":1}},"line":8}},"branchMap":{},"s":{"0":3,"1":4,"2":4,"3":4,"4":3},"f":{"0":4,"1":4},"b":{},"_coverageSchema":"1a1c01bbd47fc00a2c39e90264f33305004495a9","hash":"4b2c4c4d4799e8dcfa58014f15fd6f3bdacebe6d"}
,"X:\\Hacktiv8\\Phase 3\\MyFinalProject\\DonasiYuk-server\\helpers\\jwt.js": {"path":"X:\\Hacktiv8\\Phase 3\\MyFinalProject\\DonasiYuk-server\\helpers\\jwt.js","statementMap":{"0":{"start":{"line":1,"column":12},"end":{"line":1,"column":35}},"1":{"start":{"line":2,"column":15},"end":{"line":2,"column":30}},"2":{"start":{"line":5,"column":4},"end":{"line":5,"column":36}},"3":{"start":{"line":9,"column":4},"end":{"line":9,"column":36}},"4":{"start":{"line":12,"column":0},"end":{"line":15,"column":1}}},"fnMap":{"0":{"name":"sign","decl":{"start":{"line":4,"column":9},"end":{"line":4,"column":13}},"loc":{"start":{"line":4,"column":22},"end":{"line":6,"column":1}},"line":4},"1":{"name":"verify","decl":{"start":{"line":8,"column":9},"end":{"line":8,"column":15}},"loc":{"start":{"line":8,"column":22},"end":{"line":10,"column":1}},"line":8}},"branchMap":{},"s":{"0":3,"1":3,"2":3,"3":30,"4":3},"f":{"0":3,"1":30},"b":{},"_coverageSchema":"1a1c01bbd47fc00a2c39e90264f33305004495a9","hash":"5f58b01647f084b36350524953f0a2fe34f738a9"}
,"X:\\Hacktiv8\\Phase 3\\MyFinalProject\\DonasiYuk-server\\helpers\\nodemailer.js": {"path":"X:\\Hacktiv8\\Phase 3\\MyFinalProject\\DonasiYuk-server\\helpers\\nodemailer.js","statementMap":{"0":{"start":{"line":1,"column":19},"end":{"line":1,"column":40}},"1":{"start":{"line":3,"column":24},"end":{"line":9,"column":2}},"2":{"start":{"line":12,"column":20},"end":{"line":17,"column":5}},"3":{"start":{"line":19,"column":5},"end":{"line":28,"column":5}},"4":{"start":{"line":31,"column":0},"end":{"line":31,"column":29}}},"fnMap":{"0":{"name":"sendMail","decl":{"start":{"line":11,"column":9},"end":{"line":11,"column":17}},"loc":{"start":{"line":11,"column":42},"end":{"line":29,"column":1}},"line":11}},"branchMap":{},"s":{"0":3,"1":3,"2":1,"3":1,"4":3},"f":{"0":1},"b":{},"_coverageSchema":"1a1c01bbd47fc00a2c39e90264f33305004495a9","hash":"0b50faccd7957200ce6619cbd2d986d8312b842e"}
,"X:\\Hacktiv8\\Phase 3\\MyFinalProject\\DonasiYuk-server\\middlewares\\authentication.js": {"path":"X:\\Hacktiv8\\Phase 3\\MyFinalProject\\DonasiYuk-server\\middlewares\\authentication.js","statementMap":{"0":{"start":{"line":1,"column":19},"end":{"line":1,"column":44}},"1":{"start":{"line":2,"column":27},"end":{"line":2,"column":47}},"2":{"start":{"line":4,"column":14},"end":{"line":32,"column":1}},"3":{"start":{"line":5,"column":4},"end":{"line":31,"column":5}},"4":{"start":{"line":6,"column":22},"end":{"line":6,"column":46}},"5":{"start":{"line":7,"column":8},"end":{"line":12,"column":9}},"6":{"start":{"line":8,"column":12},"end":{"line":11,"column":13}},"7":{"start":{"line":13,"column":24},"end":{"line":13,"column":37}},"8":{"start":{"line":14,"column":26},"end":{"line":19,"column":10}},"9":{"start":{"line":20,"column":8},"end":{"line":28,"column":9}},"10":{"start":{"line":21,"column":12},"end":{"line":24,"column":14}},"11":{"start":{"line":26,"column":12},"end":{"line":26,"column":154}},"12":{"start":{"line":27,"column":12},"end":{"line":27,"column":18}},"13":{"start":{"line":30,"column":8},"end":{"line":30,"column":17}},"14":{"start":{"line":60,"column":0},"end":{"line":62,"column":1}}},"fnMap":{"0":{"name":"(anonymous_0)","decl":{"start":{"line":4,"column":14},"end":{"line":4,"column":15}},"loc":{"start":{"line":4,"column":40},"end":{"line":32,"column":1}},"line":4}},"branchMap":{"0":{"loc":{"start":{"line":7,"column":8},"end":{"line":12,"column":9}},"type":"if","locations":[{"start":{"line":7,"column":8},"end":{"line":12,"column":9}},{"start":{"line":7,"column":8},"end":{"line":12,"column":9}}],"line":7},"1":{"loc":{"start":{"line":20,"column":8},"end":{"line":28,"column":9}},"type":"if","locations":[{"start":{"line":20,"column":8},"end":{"line":28,"column":9}},{"start":{"line":20,"column":8},"end":{"line":28,"column":9}}],"line":20}},"s":{"0":3,"1":3,"2":3,"3":36,"4":36,"5":36,"6":6,"7":30,"8":30,"9":30,"10":2,"11":28,"12":28,"13":6,"14":3},"f":{"0":36},"b":{"0":[6,30],"1":[2,28]},"_coverageSchema":"1a1c01bbd47fc00a2c39e90264f33305004495a9","hash":"bf05187922e6e6818b6c429e4a5f316b30fa416e"}
,"X:\\Hacktiv8\\Phase 3\\MyFinalProject\\DonasiYuk-server\\middlewares\\errorHandler.js": {"path":"X:\\Hacktiv8\\Phase 3\\MyFinalProject\\DonasiYuk-server\\middlewares\\errorHandler.js","statementMap":{"0":{"start":{"line":2,"column":15},"end":{"line":2,"column":18}},"1":{"start":{"line":3,"column":18},"end":{"line":3,"column":43}},"2":{"start":{"line":5,"column":4},"end":{"line":34,"column":5}},"3":{"start":{"line":7,"column":12},"end":{"line":7,"column":23}},"4":{"start":{"line":8,"column":12},"end":{"line":10,"column":15}},"5":{"start":{"line":9,"column":16},"end":{"line":9,"column":34}},"6":{"start":{"line":11,"column":12},"end":{"line":11,"column":53}},"7":{"start":{"line":13,"column":12},"end":{"line":13,"column":23}},"8":{"start":{"line":14,"column":12},"end":{"line":14,"column":49}},"9":{"start":{"line":15,"column":12},"end":{"line":15,"column":53}},"10":{"start":{"line":17,"column":12},"end":{"line":17,"column":23}},"11":{"start":{"line":18,"column":12},"end":{"line":18,"column":34}},"12":{"start":{"line":19,"column":12},"end":{"line":19,"column":53}},"13":{"start":{"line":21,"column":12},"end":{"line":21,"column":23}},"14":{"start":{"line":22,"column":12},"end":{"line":22,"column":34}},"15":{"start":{"line":23,"column":12},"end":{"line":23,"column":53}},"16":{"start":{"line":25,"column":12},"end":{"line":25,"column":23}},"17":{"start":{"line":26,"column":12},"end":{"line":26,"column":34}},"18":{"start":{"line":27,"column":12},"end":{"line":27,"column":53}},"19":{"start":{"line":29,"column":12},"end":{"line":29,"column":23}},"20":{"start":{"line":30,"column":12},"end":{"line":30,"column":34}},"21":{"start":{"line":31,"column":12},"end":{"line":31,"column":53}},"22":{"start":{"line":33,"column":12},"end":{"line":33,"column":53}},"23":{"start":{"line":39,"column":0},"end":{"line":39,"column":29}}},"fnMap":{"0":{"name":"errorHandler","decl":{"start":{"line":1,"column":9},"end":{"line":1,"column":21}},"loc":{"start":{"line":1,"column":43},"end":{"line":37,"column":1}},"line":1},"1":{"name":"(anonymous_1)","decl":{"start":{"line":8,"column":37},"end":{"line":8,"column":38}},"loc":{"start":{"line":8,"column":45},"end":{"line":10,"column":13}},"line":8}},"branchMap":{"0":{"loc":{"start":{"line":5,"column":4},"end":{"line":34,"column":5}},"type":"switch","locations":[{"start":{"line":6,"column":8},"end":{"line":11,"column":53}},{"start":{"line":12,"column":8},"end":{"line":15,"column":53}},{"start":{"line":16,"column":8},"end":{"line":19,"column":53}},{"start":{"line":20,"column":8},"end":{"line":23,"column":53}},{"start":{"line":24,"column":8},"end":{"line":27,"column":53}},{"start":{"line":28,"column":8},"end":{"line":31,"column":53}},{"start":{"line":32,"column":8},"end":{"line":33,"column":53}}],"line":5}},"s":{"0":38,"1":38,"2":38,"3":20,"4":20,"5":25,"6":20,"7":0,"8":0,"9":0,"10":0,"11":0,"12":0,"13":11,"14":11,"15":11,"16":0,"17":0,"18":0,"19":3,"20":3,"21":3,"22":4,"23":3},"f":{"0":38,"1":25},"b":{"0":[20,0,0,11,0,3,4]},"_coverageSchema":"1a1c01bbd47fc00a2c39e90264f33305004495a9","hash":"2215162056ef34f77d3a4d633ebb0f5c1e45b5e3"}
,"X:\\Hacktiv8\\Phase 3\\MyFinalProject\\DonasiYuk-server\\middlewares\\imgKit.js": {"path":"X:\\Hacktiv8\\Phase 3\\MyFinalProject\\DonasiYuk-server\\middlewares\\imgKit.js","statementMap":{"0":{"start":{"line":1,"column":17},"end":{"line":1,"column":37}},"1":{"start":{"line":2,"column":14},"end":{"line":2,"column":30}},"2":{"start":{"line":3,"column":19},"end":{"line":3,"column":57}},"3":{"start":{"line":7,"column":4},"end":{"line":42,"column":5}},"4":{"start":{"line":8,"column":19},"end":{"line":8,"column":33}},"5":{"start":{"line":9,"column":8},"end":{"line":9,"column":64}},"6":{"start":{"line":10,"column":8},"end":{"line":10,"column":55}},"7":{"start":{"line":11,"column":23},"end":{"line":11,"column":69}},"8":{"start":{"line":13,"column":8},"end":{"line":31,"column":10}},"9":{"start":{"line":23,"column":12},"end":{"line":23,"column":42}},"10":{"start":{"line":24,"column":12},"end":{"line":24,"column":18}},"11":{"start":{"line":27,"column":12},"end":{"line":30,"column":14}},"12":{"start":{"line":34,"column":8},"end":{"line":41,"column":9}},"13":{"start":{"line":35,"column":12},"end":{"line":35,"column":18}},"14":{"start":{"line":37,"column":12},"end":{"line":40,"column":14}},"15":{"start":{"line":48,"column":0},"end":{"line":48,"column":23}}},"fnMap":{"0":{"name":"imgKit","decl":{"start":{"line":5,"column":9},"end":{"line":5,"column":15}},"loc":{"start":{"line":5,"column":31},"end":{"line":44,"column":1}},"line":5},"1":{"name":"(anonymous_1)","decl":{"start":{"line":22,"column":14},"end":{"line":22,"column":15}},"loc":{"start":{"line":22,"column":22},"end":{"line":25,"column":9}},"line":22},"2":{"name":"(anonymous_2)","decl":{"start":{"line":26,"column":15},"end":{"line":26,"column":16}},"loc":{"start":{"line":26,"column":21},"end":{"line":31,"column":9}},"line":26}},"branchMap":{"0":{"loc":{"start":{"line":7,"column":4},"end":{"line":42,"column":5}},"type":"if","locations":[{"start":{"line":7,"column":4},"end":{"line":42,"column":5}},{"start":{"line":7,"column":4},"end":{"line":42,"column":5}}],"line":7},"1":{"loc":{"start":{"line":34,"column":8},"end":{"line":41,"column":9}},"type":"if","locations":[{"start":{"line":34,"column":8},"end":{"line":41,"column":9}},{"start":{"line":34,"column":8},"end":{"line":41,"column":9}}],"line":34}},"s":{"0":3,"1":3,"2":3,"3":15,"4":14,"5":14,"6":14,"7":14,"8":14,"9":14,"10":14,"11":0,"12":1,"13":0,"14":1,"15":3},"f":{"0":15,"1":14,"2":0},"b":{"0":[14,1],"1":[0,1]},"_coverageSchema":"1a1c01bbd47fc00a2c39e90264f33305004495a9","hash":"d784ea9c7a566e532e391d65a0576196c9d21801"}
,"X:\\Hacktiv8\\Phase 3\\MyFinalProject\\DonasiYuk-server\\middlewares\\multer.js": {"path":"X:\\Hacktiv8\\Phase 3\\MyFinalProject\\DonasiYuk-server\\middlewares\\multer.js","statementMap":{"0":{"start":{"line":1,"column":16},"end":{"line":1,"column":33}},"1":{"start":{"line":2,"column":16},"end":{"line":2,"column":38}},"2":{"start":{"line":4,"column":19},"end":{"line":12,"column":1}},"3":{"start":{"line":5,"column":21},"end":{"line":5,"column":51}},"4":{"start":{"line":7,"column":4},"end":{"line":11,"column":5}},"5":{"start":{"line":8,"column":8},"end":{"line":8,"column":23}},"6":{"start":{"line":10,"column":8},"end":{"line":10,"column":24}},"7":{"start":{"line":14,"column":15},"end":{"line":14,"column":67}},"8":{"start":{"line":18,"column":0},"end":{"line":18,"column":23}}},"fnMap":{"0":{"name":"(anonymous_0)","decl":{"start":{"line":4,"column":19},"end":{"line":4,"column":20}},"loc":{"start":{"line":4,"column":38},"end":{"line":12,"column":1}},"line":4}},"branchMap":{"0":{"loc":{"start":{"line":7,"column":4},"end":{"line":11,"column":5}},"type":"if","locations":[{"start":{"line":7,"column":4},"end":{"line":11,"column":5}},{"start":{"line":7,"column":4},"end":{"line":11,"column":5}}],"line":7},"1":{"loc":{"start":{"line":7,"column":7},"end":{"line":7,"column":129}},"type":"binary-expr","locations":[{"start":{"line":7,"column":8},"end":{"line":7,"column":37}},{"start":{"line":7,"column":41},"end":{"line":7,"column":70}},{"start":{"line":7,"column":74},"end":{"line":7,"column":104}},{"start":{"line":7,"column":110},"end":{"line":7,"column":128}}],"line":7}},"s":{"0":3,"1":3,"2":3,"3":14,"4":14,"5":14,"6":0,"7":3,"8":3},"f":{"0":14},"b":{"0":[14,0],"1":[14,14,14,14]},"_coverageSchema":"1a1c01bbd47fc00a2c39e90264f33305004495a9","hash":"3af38e5cdd05c119c7dbc5f5cba4399967d6931c"}
,"X:\\Hacktiv8\\Phase 3\\MyFinalProject\\DonasiYuk-server\\models\\Donation.js": {"path":"X:\\Hacktiv8\\Phase 3\\MyFinalProject\\DonasiYuk-server\\models\\Donation.js","statementMap":{"0":{"start":{"line":4,"column":4},"end":{"line":4,"column":24}},"1":{"start":{"line":5,"column":0},"end":{"line":75,"column":2}},"2":{"start":{"line":14,"column":6},"end":{"line":14,"column":63}},"3":{"start":{"line":15,"column":6},"end":{"line":15,"column":67}},"4":{"start":{"line":16,"column":6},"end":{"line":16,"column":72}},"5":{"start":{"line":19,"column":2},"end":{"line":73,"column":5}},"6":{"start":{"line":67,"column":8},"end":{"line":67,"column":28}},"7":{"start":{"line":68,"column":8},"end":{"line":68,"column":38}},"8":{"start":{"line":74,"column":2},"end":{"line":74,"column":18}}},"fnMap":{"0":{"name":"(anonymous_0)","decl":{"start":{"line":5,"column":17},"end":{"line":5,"column":18}},"loc":{"start":{"line":5,"column":43},"end":{"line":75,"column":1}},"line":5},"1":{"name":"(anonymous_1)","decl":{"start":{"line":12,"column":4},"end":{"line":12,"column":5}},"loc":{"start":{"line":12,"column":29},"end":{"line":17,"column":5}},"line":12},"2":{"name":"(anonymous_2)","decl":{"start":{"line":66,"column":6},"end":{"line":66,"column":7}},"loc":{"start":{"line":66,"column":29},"end":{"line":69,"column":7}},"line":66}},"branchMap":{},"s":{"0":3,"1":3,"2":3,"3":3,"4":3,"5":3,"6":2,"7":2,"8":3},"f":{"0":3,"1":3,"2":2},"b":{},"_coverageSchema":"1a1c01bbd47fc00a2c39e90264f33305004495a9","hash":"0b1066b394da877cb6e66e66c32580c3a48dc957"}
,"X:\\Hacktiv8\\Phase 3\\MyFinalProject\\DonasiYuk-server\\models\\User.js": {"path":"X:\\Hacktiv8\\Phase 3\\MyFinalProject\\DonasiYuk-server\\models\\User.js","statementMap":{"0":{"start":{"line":4,"column":4},"end":{"line":4,"column":24}},"1":{"start":{"line":5,"column":19},"end":{"line":5,"column":49}},"2":{"start":{"line":6,"column":0},"end":{"line":63,"column":2}},"3":{"start":{"line":15,"column":6},"end":{"line":15,"column":59}},"4":{"start":{"line":16,"column":6},"end":{"line":16,"column":65}},"5":{"start":{"line":19,"column":2},"end":{"line":61,"column":5}},"6":{"start":{"line":56,"column":8},"end":{"line":56,"column":53}},"7":{"start":{"line":62,"column":2},"end":{"line":62,"column":14}}},"fnMap":{"0":{"name":"(anonymous_0)","decl":{"start":{"line":6,"column":17},"end":{"line":6,"column":18}},"loc":{"start":{"line":6,"column":43},"end":{"line":63,"column":1}},"line":6},"1":{"name":"(anonymous_1)","decl":{"start":{"line":13,"column":4},"end":{"line":13,"column":5}},"loc":{"start":{"line":13,"column":29},"end":{"line":17,"column":5}},"line":13},"2":{"name":"(anonymous_2)","decl":{"start":{"line":55,"column":6},"end":{"line":55,"column":7}},"loc":{"start":{"line":55,"column":29},"end":{"line":57,"column":7}},"line":55}},"branchMap":{},"s":{"0":3,"1":3,"2":3,"3":3,"4":3,"5":3,"6":4,"7":3},"f":{"0":3,"1":3,"2":4},"b":{},"_coverageSchema":"1a1c01bbd47fc00a2c39e90264f33305004495a9","hash":"9318a73c0b2fd7e02b2b4e35995051e867f03bd6"}
,"X:\\Hacktiv8\\Phase 3\\MyFinalProject\\DonasiYuk-server\\models\\index.js": {"path":"X:\\Hacktiv8\\Phase 3\\MyFinalProject\\DonasiYuk-server\\models\\index.js","statementMap":{"0":{"start":{"line":3,"column":11},"end":{"line":3,"column":24}},"1":{"start":{"line":4,"column":13},"end":{"line":4,"column":28}},"2":{"start":{"line":5,"column":18},"end":{"line":5,"column":38}},"3":{"start":{"line":6,"column":17},"end":{"line":6,"column":42}},"4":{"start":{"line":7,"column":12},"end":{"line":7,"column":49}},"5":{"start":{"line":8,"column":15},"end":{"line":8,"column":65}},"6":{"start":{"line":9,"column":11},"end":{"line":9,"column":13}},"7":{"start":{"line":12,"column":0},"end":{"line":16,"column":1}},"8":{"start":{"line":13,"column":2},"end":{"line":13,"column":74}},"9":{"start":{"line":15,"column":2},"end":{"line":15,"column":87}},"10":{"start":{"line":18,"column":0},"end":{"line":26,"column":5}},"11":{"start":{"line":21,"column":4},"end":{"line":21,"column":90}},"12":{"start":{"line":24,"column":18},"end":{"line":24,"column":85}},"13":{"start":{"line":25,"column":4},"end":{"line":25,"column":27}},"14":{"start":{"line":28,"column":0},"end":{"line":32,"column":3}},"15":{"start":{"line":29,"column":2},"end":{"line":31,"column":3}},"16":{"start":{"line":30,"column":4},"end":{"line":30,"column":32}},"17":{"start":{"line":34,"column":0},"end":{"line":34,"column":25}},"18":{"start":{"line":35,"column":0},"end":{"line":35,"column":25}},"19":{"start":{"line":37,"column":0},"end":{"line":37,"column":20}}},"fnMap":{"0":{"name":"(anonymous_0)","decl":{"start":{"line":20,"column":10},"end":{"line":20,"column":11}},"loc":{"start":{"line":20,"column":18},"end":{"line":22,"column":3}},"line":20},"1":{"name":"(anonymous_1)","decl":{"start":{"line":23,"column":11},"end":{"line":23,"column":12}},"loc":{"start":{"line":23,"column":19},"end":{"line":26,"column":3}},"line":23},"2":{"name":"(anonymous_2)","decl":{"start":{"line":28,"column":24},"end":{"line":28,"column":25}},"loc":{"start":{"line":28,"column":37},"end":{"line":32,"column":1}},"line":28}},"branchMap":{"0":{"loc":{"start":{"line":7,"column":12},"end":{"line":7,"column":49}},"type":"binary-expr","locations":[{"start":{"line":7,"column":12},"end":{"line":7,"column":32}},{"start":{"line":7,"column":36},"end":{"line":7,"column":49}}],"line":7},"1":{"loc":{"start":{"line":12,"column":0},"end":{"line":16,"column":1}},"type":"if","locations":[{"start":{"line":12,"column":0},"end":{"line":16,"column":1}},{"start":{"line":12,"column":0},"end":{"line":16,"column":1}}],"line":12},"2":{"loc":{"start":{"line":21,"column":11},"end":{"line":21,"column":89}},"type":"binary-expr","locations":[{"start":{"line":21,"column":12},"end":{"line":21,"column":35}},{"start":{"line":21,"column":41},"end":{"line":21,"column":58}},{"start":{"line":21,"column":64},"end":{"line":21,"column":88}}],"line":21},"3":{"loc":{"start":{"line":29,"column":2},"end":{"line":31,"column":3}},"type":"if","locations":[{"start":{"line":29,"column":2},"end":{"line":31,"column":3}},{"start":{"line":29,"column":2},"end":{"line":31,"column":3}}],"line":29}},"s":{"0":3,"1":3,"2":3,"3":3,"4":3,"5":3,"6":3,"7":3,"8":0,"9":3,"10":3,"11":15,"12":12,"13":12,"14":3,"15":12,"16":12,"17":3,"18":3,"19":3},"f":{"0":15,"1":12,"2":12},"b":{"0":[3,0],"1":[0,3],"2":[15,15,12],"3":[12,0]},"_coverageSchema":"1a1c01bbd47fc00a2c39e90264f33305004495a9","hash":"858d64446469792a50d8159d7a5cd2722add7ecd"}
,"X:\\Hacktiv8\\Phase 3\\MyFinalProject\\DonasiYuk-server\\models\\report.js": {"path":"X:\\Hacktiv8\\Phase 3\\MyFinalProject\\DonasiYuk-server\\models\\report.js","statementMap":{"0":{"start":{"line":4,"column":4},"end":{"line":4,"column":24}},"1":{"start":{"line":5,"column":0},"end":{"line":26,"column":2}},"2":{"start":{"line":14,"column":6},"end":{"line":14,"column":69}},"3":{"start":{"line":17,"column":2},"end":{"line":24,"column":5}},"4":{"start":{"line":25,"column":2},"end":{"line":25,"column":16}}},"fnMap":{"0":{"name":"(anonymous_0)","decl":{"start":{"line":5,"column":17},"end":{"line":5,"column":18}},"loc":{"start":{"line":5,"column":43},"end":{"line":26,"column":1}},"line":5},"1":{"name":"(anonymous_1)","decl":{"start":{"line":12,"column":4},"end":{"line":12,"column":5}},"loc":{"start":{"line":12,"column":29},"end":{"line":15,"column":5}},"line":12}},"branchMap":{},"s":{"0":3,"1":3,"2":3,"3":3,"4":3},"f":{"0":3,"1":3},"b":{},"_coverageSchema":"1a1c01bbd47fc00a2c39e90264f33305004495a9","hash":"1107721fcc85076e9df67c3c2aece2c8df38adab"}
,"X:\\Hacktiv8\\Phase 3\\MyFinalProject\\DonasiYuk-server\\models\\transaction.js": {"path":"X:\\Hacktiv8\\Phase 3\\MyFinalProject\\DonasiYuk-server\\models\\transaction.js","statementMap":{"0":{"start":{"line":4,"column":4},"end":{"line":4,"column":24}},"1":{"start":{"line":5,"column":0},"end":{"line":35,"column":2}},"2":{"start":{"line":14,"column":6},"end":{"line":14,"column":74}},"3":{"start":{"line":15,"column":6},"end":{"line":15,"column":69}},"4":{"start":{"line":18,"column":2},"end":{"line":33,"column":5}},"5":{"start":{"line":34,"column":2},"end":{"line":34,"column":21}}},"fnMap":{"0":{"name":"(anonymous_0)","decl":{"start":{"line":5,"column":17},"end":{"line":5,"column":18}},"loc":{"start":{"line":5,"column":43},"end":{"line":35,"column":1}},"line":5},"1":{"name":"(anonymous_1)","decl":{"start":{"line":12,"column":4},"end":{"line":12,"column":5}},"loc":{"start":{"line":12,"column":29},"end":{"line":16,"column":5}},"line":12}},"branchMap":{},"s":{"0":3,"1":3,"2":3,"3":3,"4":3,"5":3},"f":{"0":3,"1":3},"b":{},"_coverageSchema":"1a1c01bbd47fc00a2c39e90264f33305004495a9","hash":"3c084d294ec601681a7a3ebe610cdfd72eaadbca"}
,"X:\\Hacktiv8\\Phase 3\\MyFinalProject\\DonasiYuk-server\\routes\\donationRouter.js": {"path":"X:\\Hacktiv8\\Phase 3\\MyFinalProject\\DonasiYuk-server\\routes\\donationRouter.js","statementMap":{"0":{"start":{"line":1,"column":27},"end":{"line":1,"column":71}},"1":{"start":{"line":2,"column":15},"end":{"line":2,"column":42}},"2":{"start":{"line":3,"column":21},"end":{"line":3,"column":59}},"3":{"start":{"line":6,"column":4},"end":{"line":6,"column":44}},"4":{"start":{"line":7,"column":15},"end":{"line":7,"column":47}},"5":{"start":{"line":8,"column":15},"end":{"line":8,"column":47}},"6":{"start":{"line":10,"column":0},"end":{"line":10,"column":60}},"7":{"start":{"line":11,"column":0},"end":{"line":11,"column":99}},"8":{"start":{"line":12,"column":0},"end":{"line":12,"column":71}},"9":{"start":{"line":13,"column":0},"end":{"line":13,"column":68}},"10":{"start":{"line":15,"column":0},"end":{"line":15,"column":71}},"11":{"start":{"line":17,"column":0},"end":{"line":17,"column":70}},"12":{"start":{"line":19,"column":0},"end":{"line":19,"column":65}},"13":{"start":{"line":20,"column":0},"end":{"line":20,"column":63}},"14":{"start":{"line":21,"column":0},"end":{"line":21,"column":91}},"15":{"start":{"line":26,"column":0},"end":{"line":26,"column":24}},"16":{"start":{"line":27,"column":0},"end":{"line":27,"column":24}}},"fnMap":{},"branchMap":{},"s":{"0":3,"1":3,"2":3,"3":3,"4":3,"5":3,"6":3,"7":3,"8":3,"9":3,"10":3,"11":3,"12":3,"13":3,"14":3,"15":3,"16":3},"f":{},"b":{},"_coverageSchema":"1a1c01bbd47fc00a2c39e90264f33305004495a9","hash":"aac1c3f3a824cd57a89c5b8e7a279f2d79e253a2"}
,"X:\\Hacktiv8\\Phase 3\\MyFinalProject\\DonasiYuk-server\\routes\\index.js": {"path":"X:\\Hacktiv8\\Phase 3\\MyFinalProject\\DonasiYuk-server\\routes\\index.js","statementMap":{"0":{"start":{"line":1,"column":15},"end":{"line":1,"column":42}},"1":{"start":{"line":2,"column":19},"end":{"line":2,"column":42}},"2":{"start":{"line":3,"column":23},"end":{"line":3,"column":50}},"3":{"start":{"line":5,"column":0},"end":{"line":7,"column":2}},"4":{"start":{"line":6,"column":4},"end":{"line":6,"column":27}},"5":{"start":{"line":9,"column":0},"end":{"line":9,"column":33}},"6":{"start":{"line":10,"column":0},"end":{"line":10,"column":31}},"7":{"start":{"line":11,"column":0},"end":{"line":11,"column":24}}},"fnMap":{"0":{"name":"(anonymous_0)","decl":{"start":{"line":5,"column":16},"end":{"line":5,"column":17}},"loc":{"start":{"line":5,"column":30},"end":{"line":7,"column":1}},"line":5}},"branchMap":{},"s":{"0":3,"1":3,"2":3,"3":3,"4":0,"5":3,"6":3,"7":3},"f":{"0":0},"b":{},"_coverageSchema":"1a1c01bbd47fc00a2c39e90264f33305004495a9","hash":"a5ba2b0e68d787f2f956f1a1bd3822e027db8910"}
,"X:\\Hacktiv8\\Phase 3\\MyFinalProject\\DonasiYuk-server\\routes\\userRouter.js": {"path":"X:\\Hacktiv8\\Phase 3\\MyFinalProject\\DonasiYuk-server\\routes\\userRouter.js","statementMap":{"0":{"start":{"line":1,"column":15},"end":{"line":1,"column":42}},"1":{"start":{"line":2,"column":23},"end":{"line":2,"column":63}},"2":{"start":{"line":3,"column":18},"end":{"line":3,"column":58}},"3":{"start":{"line":4,"column":21},"end":{"line":4,"column":59}},"4":{"start":{"line":6,"column":0},"end":{"line":6,"column":50}},"5":{"start":{"line":7,"column":0},"end":{"line":7,"column":44}},"6":{"start":{"line":8,"column":0},"end":{"line":8,"column":58}},"7":{"start":{"line":9,"column":0},"end":{"line":9,"column":48}},"8":{"start":{"line":10,"column":0},"end":{"line":10,"column":55}},"9":{"start":{"line":11,"column":0},"end":{"line":11,"column":70}},"10":{"start":{"line":13,"column":0},"end":{"line":13,"column":25}},"11":{"start":{"line":15,"column":0},"end":{"line":15,"column":24}}},"fnMap":{},"branchMap":{},"s":{"0":3,"1":3,"2":3,"3":3,"4":3,"5":3,"6":3,"7":3,"8":3,"9":3,"10":3,"11":3},"f":{},"b":{},"_coverageSchema":"1a1c01bbd47fc00a2c39e90264f33305004495a9","hash":"86a731c77aa87fad8bac029067e8b8e640bd913a"}
}
