TN:
SF:app.js
FNF:0
FNH:0
DA:1,3
DA:2,3
DA:3,3
DA:4,3
DA:5,3
DA:7,3
DA:8,3
DA:9,3
DA:15,3
LF:9
LH:9
BRF:0
BRH:0
end_of_record
TN:
SF:controllers/DonationController.js
FN:8,(anonymous_0)
FN:21,(anonymous_1)
FN:34,(anonymous_2)
FN:52,(anonymous_3)
FN:88,(anonymous_4)
FN:129,(anonymous_5)
FN:209,(anonymous_6)
FN:225,(anonymous_7)
FN:262,(anonymous_8)
FNF:9
FNH:9
FNDA:12,(anonymous_0)
FNDA:1,(anonymous_1)
FNDA:2,(anonymous_2)
FNDA:2,(anonymous_3)
FNDA:3,(anonymous_4)
FNDA:2,(anonymous_5)
FNDA:1,(anonymous_6)
FNDA:2,(anonymous_7)
FNDA:2,(anonymous_8)
DA:1,3
DA:2,3
DA:3,3
DA:4,3
DA:9,12
DA:10,12
DA:11,12
DA:12,12
DA:13,2
DA:14,2
DA:17,10
DA:23,1
DA:28,1
DA:35,2
DA:36,2
DA:37,2
DA:40,2
DA:41,1
DA:46,1
DA:48,1
DA:53,2
DA:60,2
DA:61,2
DA:62,2
DA:63,2
DA:64,1
DA:74,1
DA:78,1
DA:84,1
DA:89,3
DA:90,3
DA:91,3
DA:92,3
DA:93,3
DA:94,1
DA:95,1
DA:101,1
DA:119,1
DA:120,1
DA:121,1
DA:124,2
DA:130,2
DA:131,2
DA:132,2
DA:134,2
DA:135,2
DA:136,1
DA:137,1
DA:143,1
DA:144,1
DA:148,1
DA:149,1
DA:150,1
DA:151,1
DA:152,1
DA:153,0
DA:157,0
DA:158,0
DA:159,0
DA:161,0
DA:167,1
DA:171,1
DA:172,1
DA:173,1
DA:175,0
DA:183,0
DA:184,0
DA:187,0
DA:188,0
DA:190,0
DA:197,1
DA:204,1
DA:205,1
DA:210,1
DA:211,1
DA:212,1
DA:219,1
DA:221,0
DA:226,2
DA:227,2
DA:229,2
DA:231,2
DA:233,2
DA:234,1
DA:242,1
DA:247,1
DA:248,0
DA:254,1
DA:256,1
DA:258,1
DA:263,2
DA:264,2
DA:265,2
DA:279,1
DA:281,1
DA:287,3
LF:96
LH:83
BRDA:13,0,0,2
BRDA:13,0,1,0
BRDA:40,1,0,1
BRDA:40,1,1,1
BRDA:63,2,0,1
BRDA:63,2,1,1
BRDA:94,3,0,1
BRDA:94,3,1,0
BRDA:135,4,0,1
BRDA:135,4,1,1
BRDA:136,5,0,1
BRDA:136,5,1,0
BRDA:136,6,0,1
BRDA:136,6,1,1
BRDA:152,7,0,0
BRDA:152,7,1,1
BRDA:157,8,0,0
BRDA:157,8,1,0
BRDA:157,9,0,0
BRDA:157,9,1,0
BRDA:171,10,0,1
BRDA:171,10,1,0
BRDA:171,11,0,1
BRDA:171,11,1,1
BRDA:183,12,0,0
BRDA:183,12,1,0
BRDA:183,13,0,0
BRDA:183,13,1,0
BRDA:183,13,2,0
BRDA:187,14,0,0
BRDA:187,14,1,0
BRDA:233,15,0,1
BRDA:233,15,1,1
BRDA:247,16,0,0
BRDA:247,16,1,1
BRF:35
BRH:18
end_of_record
TN:
SF:controllers/UserController.js
FN:7,(anonymous_0)
FN:22,(anonymous_1)
FN:28,(anonymous_2)
FN:53,(anonymous_3)
FN:62,(anonymous_4)
FN:87,(anonymous_5)
FN:102,(anonymous_6)
FN:134,(anonymous_7)
FNF:8
FNH:7
FNDA:10,(anonymous_0)
FNDA:6,(anonymous_1)
FNDA:5,(anonymous_2)
FNDA:1,(anonymous_3)
FNDA:1,(anonymous_4)
FNDA:1,(anonymous_5)
FNDA:0,(anonymous_6)
FNDA:1,(anonymous_7)
DA:1,3
DA:2,3
DA:3,3
DA:8,10
DA:9,10
DA:11,10
DA:12,1
DA:13,1
DA:18,9
DA:23,6
DA:25,6
DA:29,5
DA:30,4
DA:31,4
DA:32,3
DA:36,3
DA:38,1
DA:39,1
DA:46,1
DA:54,1
DA:64,1
DA:66,1
DA:75,1
DA:89,1
DA:91,1
DA:96,1
DA:104,0
DA:105,0
DA:106,0
DA:108,0
DA:121,0
DA:122,0
DA:123,0
DA:136,1
DA:138,1
DA:145,1
DA:152,3
LF:37
LH:30
BRDA:9,0,0,1
BRDA:9,1,0,1
BRDA:9,2,0,1
BRDA:9,3,0,10
BRDA:29,4,0,4
BRDA:29,4,1,1
BRDA:31,5,0,3
BRDA:31,5,1,1
BRF:8
BRH:8
end_of_record
TN:
SF:helpers/bcryptjs.js
FN:3,encode
FN:8,decode
FNF:2
FNH:2
FNDA:5,encode
FNDA:4,decode
DA:1,3
DA:4,5
DA:5,5
DA:9,4
DA:12,3
LF:5
LH:5
BRF:0
BRH:0
end_of_record
TN:
SF:helpers/jwt.js
FN:4,sign
FN:8,verify
FNF:2
FNH:2
FNDA:3,sign
FNDA:30,verify
DA:1,3
DA:2,3
DA:5,3
DA:9,30
DA:12,3
LF:5
LH:5
BRF:0
BRH:0
end_of_record
TN:
SF:helpers/nodemailer.js
FN:11,sendMail
FNF:1
FNH:1
FNDA:1,sendMail
DA:1,3
DA:3,3
DA:12,1
DA:19,1
DA:31,3
LF:5
LH:5
BRF:0
BRH:0
end_of_record
TN:
SF:middlewares/authentication.js
FN:4,(anonymous_0)
FNF:1
FNH:1
FNDA:36,(anonymous_0)
DA:1,3
DA:2,3
DA:4,3
DA:5,36
DA:6,36
DA:7,36
DA:8,6
DA:13,30
DA:14,30
DA:20,30
DA:21,2
DA:26,28
DA:27,28
DA:30,6
DA:60,3
LF:15
LH:15
BRDA:7,0,0,6
BRDA:7,0,1,30
BRDA:20,1,0,2
BRDA:20,1,1,28
BRF:4
BRH:4
end_of_record
TN:
SF:middlewares/errorHandler.js
FN:1,errorHandler
FN:8,(anonymous_1)
FNF:2
FNH:2
FNDA:38,errorHandler
FNDA:25,(anonymous_1)
DA:2,38
DA:3,38
DA:5,38
DA:7,20
DA:8,20
DA:9,25
DA:11,20
DA:13,1
DA:14,1
DA:15,1
DA:17,1
DA:18,1
DA:19,1
DA:21,11
DA:22,11
DA:23,11
DA:29,3
DA:30,3
DA:31,3
DA:33,2
DA:39,3
LF:21
LH:21
BRDA:5,0,0,20
BRDA:5,0,1,1
BRDA:5,0,2,1
BRDA:5,0,3,11
BRDA:5,0,4,3
BRDA:5,0,5,2
BRF:6
BRH:6
end_of_record
TN:
SF:middlewares/imgKit.js
FN:5,imgKit
FN:22,(anonymous_1)
FN:26,(anonymous_2)
FNF:3
FNH:2
FNDA:15,imgKit
FNDA:14,(anonymous_1)
FNDA:0,(anonymous_2)
DA:1,3
DA:2,3
DA:3,3
DA:7,15
DA:8,14
DA:9,14
DA:10,14
DA:11,14
DA:13,14
DA:23,14
DA:24,14
DA:27,0
DA:34,1
DA:35,0
DA:37,1
DA:48,3
LF:16
LH:14
BRDA:7,0,0,14
BRDA:7,0,1,1
BRDA:34,1,0,0
BRDA:34,1,1,1
BRF:4
BRH:3
end_of_record
TN:
SF:middlewares/multer.js
FN:4,(anonymous_0)
FNF:1
FNH:1
FNDA:14,(anonymous_0)
DA:1,3
DA:2,3
DA:4,3
DA:5,14
DA:7,14
DA:8,14
DA:10,0
DA:14,3
DA:18,3
LF:9
LH:8
BRDA:7,0,0,14
BRDA:7,0,1,0
BRDA:7,1,0,14
BRDA:7,1,1,14
BRDA:7,1,2,14
BRDA:7,1,3,14
BRF:6
BRH:5
end_of_record
TN:
SF:models/Donation.js
FN:5,(anonymous_0)
FN:13,(anonymous_1)
FN:67,(anonymous_2)
FNF:3
FNH:3
FNDA:3,(anonymous_0)
FNDA:3,(anonymous_1)
FNDA:2,(anonymous_2)
DA:4,3
DA:5,3
DA:15,3
DA:16,3
DA:17,3
DA:20,3
DA:68,2
DA:69,2
DA:75,3
LF:9
LH:9
BRF:0
BRH:0
end_of_record
TN:
SF:models/User.js
FN:6,(anonymous_0)
FN:13,(anonymous_1)
FN:55,(anonymous_2)
FNF:3
FNH:3
FNDA:3,(anonymous_0)
FNDA:3,(anonymous_1)
FNDA:5,(anonymous_2)
DA:4,3
DA:5,3
DA:6,3
DA:15,3
DA:16,3
DA:19,3
DA:56,5
DA:62,3
LF:8
LH:8
BRF:0
BRH:0
end_of_record
TN:
SF:models/index.js
FN:20,(anonymous_0)
FN:23,(anonymous_1)
FN:28,(anonymous_2)
FNF:3
FNH:3
FNDA:15,(anonymous_0)
FNDA:12,(anonymous_1)
FNDA:12,(anonymous_2)
DA:3,3
DA:4,3
DA:5,3
DA:6,3
DA:7,3
DA:8,3
DA:9,3
DA:12,3
DA:13,0
DA:15,3
DA:18,3
DA:21,15
DA:24,12
DA:25,12
DA:28,3
DA:29,12
DA:30,12
DA:34,3
DA:35,3
DA:37,3
LF:20
LH:19
BRDA:7,0,0,3
BRDA:7,0,1,0
BRDA:12,1,0,0
BRDA:12,1,1,3
BRDA:21,2,0,15
BRDA:21,2,1,15
BRDA:21,2,2,12
BRDA:29,3,0,12
BRDA:29,3,1,0
BRF:9
BRH:6
end_of_record
TN:
SF:models/report.js
FN:5,(anonymous_0)
FN:12,(anonymous_1)
FNF:2
FNH:2
FNDA:3,(anonymous_0)
FNDA:3,(anonymous_1)
DA:4,3
DA:5,3
DA:14,3
DA:17,3
DA:25,3
LF:5
LH:5
BRF:0
BRH:0
end_of_record
TN:
SF:models/transaction.js
FN:5,(anonymous_0)
FN:12,(anonymous_1)
FNF:2
FNH:2
FNDA:3,(anonymous_0)
FNDA:3,(anonymous_1)
DA:4,3
DA:5,3
DA:14,3
DA:15,3
DA:18,3
DA:34,3
LF:6
LH:6
BRF:0
BRH:0
end_of_record
TN:
SF:routes/donationRouter.js
FNF:0
FNH:0
DA:1,3
DA:2,3
DA:3,3
DA:6,3
DA:7,3
DA:8,3
DA:10,3
DA:11,3
DA:12,3
DA:13,3
DA:15,3
DA:17,3
DA:19,3
DA:20,3
DA:21,3
DA:26,3
DA:27,3
LF:17
LH:17
BRF:0
BRH:0
end_of_record
TN:
SF:routes/index.js
FNF:0
FNH:0
DA:1,3
DA:2,3
DA:3,3
DA:6,3
DA:7,3
DA:8,3
LF:6
LH:6
BRF:0
BRH:0
end_of_record
TN:
SF:routes/userRouter.js
FNF:0
FNH:0
DA:1,3
DA:2,3
DA:3,3
DA:4,3
DA:6,3
DA:7,3
DA:8,3
DA:9,3
DA:10,3
DA:11,3
DA:13,3
DA:15,3
LF:12
LH:12
BRF:0
BRH:0
end_of_record
