TN:
SF:app.js
FNF:0
FNH:0
DA:1,3
DA:2,3
DA:3,3
DA:4,3
DA:5,3
DA:7,3
DA:8,3
DA:9,3
DA:15,3
LF:9
LH:9
BRF:0
BRH:0
end_of_record
TN:
SF:controllers\DonationController.js
FN:8,(anonymous_0)
FN:21,(anonymous_1)
FN:30,(anonymous_2)
FN:46,(anonymous_3)
FN:82,(anonymous_4)
FN:124,(anonymous_5)
FN:189,(anonymous_6)
FN:205,(anonymous_7)
FN:243,(anonymous_8)
FNF:9
FNH:8
FNDA:12,(anonymous_0)
FNDA:1,(anonymous_1)
FNDA:2,(anonymous_2)
FNDA:2,(anonymous_3)
FNDA:3,(anonymous_4)
FNDA:0,(anonymous_5)
FNDA:1,(anonymous_6)
FNDA:2,(anonymous_7)
FNDA:2,(anonymous_8)
DA:1,3
DA:2,3
DA:3,3
DA:4,3
DA:9,12
DA:10,12
DA:11,12
DA:12,12
DA:13,2
DA:14,2
DA:17,10
DA:22,1
DA:23,1
DA:24,1
DA:26,0
DA:31,2
DA:32,2
DA:33,2
DA:34,2
DA:35,1
DA:40,1
DA:42,1
DA:47,2
DA:54,2
DA:55,2
DA:56,2
DA:57,2
DA:58,1
DA:68,1
DA:72,1
DA:78,1
DA:83,3
DA:84,3
DA:85,3
DA:86,3
DA:87,3
DA:88,0
DA:89,0
DA:95,0
DA:113,0
DA:114,0
DA:115,0
DA:118,3
DA:119,3
DA:125,0
DA:126,0
DA:127,0
DA:128,0
DA:130,0
DA:132,0
DA:133,0
DA:134,0
DA:135,0
DA:141,0
DA:142,0
DA:146,0
DA:147,0
DA:148,0
DA:152,0
DA:153,0
DA:154,0
DA:155,0
DA:157,0
DA:163,0
DA:164,0
DA:167,0
DA:168,0
DA:170,0
DA:177,0
DA:184,0
DA:185,0
DA:190,1
DA:191,1
DA:192,1
DA:199,1
DA:201,0
DA:206,2
DA:207,2
DA:209,2
DA:211,2
DA:213,2
DA:214,1
DA:222,1
DA:227,1
DA:228,0
DA:234,1
DA:236,1
DA:238,1
DA:239,1
DA:244,2
DA:245,2
DA:246,2
DA:260,1
DA:262,1
DA:268,3
LF:95
LH:59
BRDA:13,0,0,2
BRDA:13,0,1,0
BRDA:34,1,0,1
BRDA:34,1,1,1
BRDA:57,2,0,1
BRDA:57,2,1,1
BRDA:88,3,0,0
BRDA:88,3,1,0
BRDA:132,4,0,0
BRDA:132,4,1,0
BRDA:134,5,0,0
BRDA:134,5,1,0
BRDA:134,6,0,0
BRDA:134,6,1,0
BRDA:153,7,0,0
BRDA:153,7,1,0
BRDA:153,8,0,0
BRDA:153,8,1,0
BRDA:163,9,0,0
BRDA:163,9,1,0
BRDA:163,10,0,0
BRDA:163,10,1,0
BRDA:163,10,2,0
BRDA:167,11,0,0
BRDA:167,11,1,0
BRDA:213,12,0,1
BRDA:213,12,1,1
BRDA:227,13,0,0
BRDA:227,13,1,1
BRF:29
BRH:8
end_of_record
TN:
SF:controllers\UserController.js
FN:7,(anonymous_0)
FN:21,(anonymous_1)
FN:27,(anonymous_2)
FN:53,(anonymous_3)
FN:63,(anonymous_4)
FN:88,(anonymous_5)
FN:103,(anonymous_6)
FN:135,(anonymous_7)
FNF:8
FNH:7
FNDA:9,(anonymous_0)
FNDA:6,(anonymous_1)
FNDA:5,(anonymous_2)
FNDA:1,(anonymous_3)
FNDA:1,(anonymous_4)
FNDA:1,(anonymous_5)
FNDA:0,(anonymous_6)
FNDA:1,(anonymous_7)
DA:1,3
DA:2,3
DA:3,3
DA:8,9
DA:9,9
DA:11,9
DA:12,1
DA:17,8
DA:22,6
DA:24,6
DA:28,5
DA:29,4
DA:30,4
DA:31,3
DA:35,3
DA:37,1
DA:38,1
DA:45,1
DA:46,1
DA:54,1
DA:55,1
DA:64,1
DA:65,1
DA:67,1
DA:76,1
DA:84,0
DA:89,1
DA:90,1
DA:92,1
DA:97,1
DA:99,0
DA:104,0
DA:105,0
DA:106,0
DA:107,0
DA:109,0
DA:122,0
DA:123,0
DA:124,0
DA:131,0
DA:136,1
DA:137,1
DA:139,1
DA:146,0
DA:148,1
DA:153,3
LF:46
LH:34
BRDA:9,0,0,1
BRDA:9,1,0,1
BRDA:9,2,0,1
BRDA:9,3,0,9
BRDA:28,4,0,4
BRDA:28,4,1,1
BRDA:30,5,0,3
BRDA:30,5,1,1
BRF:8
BRH:8
end_of_record
TN:
SF:helpers\bcryptjs.js
FN:3,encode
FN:8,decode
FNF:2
FNH:2
FNDA:4,encode
FNDA:4,decode
DA:1,3
DA:4,4
DA:5,4
DA:9,4
DA:12,3
LF:5
LH:5
BRF:0
BRH:0
end_of_record
TN:
SF:helpers\jwt.js
FN:4,sign
FN:8,verify
FNF:2
FNH:2
FNDA:3,sign
FNDA:30,verify
DA:1,3
DA:2,3
DA:5,3
DA:9,30
DA:12,3
LF:5
LH:5
BRF:0
BRH:0
end_of_record
TN:
SF:helpers\nodemailer.js
FN:11,sendMail
FNF:1
FNH:1
FNDA:1,sendMail
DA:1,3
DA:3,3
DA:12,1
DA:19,1
DA:31,3
LF:5
LH:5
BRF:0
BRH:0
end_of_record
TN:
SF:middlewares\authentication.js
FN:4,(anonymous_0)
FNF:1
FNH:1
FNDA:36,(anonymous_0)
DA:1,3
DA:2,3
DA:4,3
DA:5,36
DA:6,36
DA:7,36
DA:8,6
DA:13,30
DA:14,30
DA:20,30
DA:21,2
DA:26,28
DA:27,28
DA:30,6
DA:60,3
LF:15
LH:15
BRDA:7,0,0,6
BRDA:7,0,1,30
BRDA:20,1,0,2
BRDA:20,1,1,28
BRF:4
BRH:4
end_of_record
TN:
SF:middlewares\errorHandler.js
FN:1,errorHandler
FN:8,(anonymous_1)
FNF:2
FNH:2
FNDA:38,errorHandler
FNDA:25,(anonymous_1)
DA:2,38
DA:3,38
DA:5,38
DA:7,20
DA:8,20
DA:9,25
DA:11,20
DA:13,0
DA:14,0
DA:15,0
DA:17,0
DA:18,0
DA:19,0
DA:21,11
DA:22,11
DA:23,11
DA:25,0
DA:26,0
DA:27,0
DA:29,3
DA:30,3
DA:31,3
DA:33,4
DA:39,3
LF:24
LH:15
BRDA:5,0,0,20
BRDA:5,0,1,0
BRDA:5,0,2,0
BRDA:5,0,3,11
BRDA:5,0,4,0
BRDA:5,0,5,3
BRDA:5,0,6,4
BRF:7
BRH:4
end_of_record
TN:
SF:middlewares\imgKit.js
FN:5,imgKit
FN:22,(anonymous_1)
FN:26,(anonymous_2)
FNF:3
FNH:2
FNDA:15,imgKit
FNDA:14,(anonymous_1)
FNDA:0,(anonymous_2)
DA:1,3
DA:2,3
DA:3,3
DA:7,15
DA:8,14
DA:9,14
DA:10,14
DA:11,14
DA:13,14
DA:23,14
DA:24,14
DA:27,0
DA:34,1
DA:35,0
DA:37,1
DA:48,3
LF:16
LH:14
BRDA:7,0,0,14
BRDA:7,0,1,1
BRDA:34,1,0,0
BRDA:34,1,1,1
BRF:4
BRH:3
end_of_record
TN:
SF:middlewares\multer.js
FN:4,(anonymous_0)
FNF:1
FNH:1
FNDA:14,(anonymous_0)
DA:1,3
DA:2,3
DA:4,3
DA:5,14
DA:7,14
DA:8,14
DA:10,0
DA:14,3
DA:18,3
LF:9
LH:8
BRDA:7,0,0,14
BRDA:7,0,1,0
BRDA:7,1,0,14
BRDA:7,1,1,14
BRDA:7,1,2,14
BRDA:7,1,3,14
BRF:6
BRH:5
end_of_record
TN:
SF:models\Donation.js
FN:5,(anonymous_0)
FN:12,(anonymous_1)
FN:66,(anonymous_2)
FNF:3
FNH:3
FNDA:3,(anonymous_0)
FNDA:3,(anonymous_1)
FNDA:2,(anonymous_2)
DA:4,3
DA:5,3
DA:14,3
DA:15,3
DA:16,3
DA:19,3
DA:67,2
DA:68,2
DA:74,3
LF:9
LH:9
BRF:0
BRH:0
end_of_record
TN:
SF:models\User.js
FN:6,(anonymous_0)
FN:13,(anonymous_1)
FN:55,(anonymous_2)
FNF:3
FNH:3
FNDA:3,(anonymous_0)
FNDA:3,(anonymous_1)
FNDA:4,(anonymous_2)
DA:4,3
DA:5,3
DA:6,3
DA:15,3
DA:16,3
DA:19,3
DA:56,4
DA:62,3
LF:8
LH:8
BRF:0
BRH:0
end_of_record
TN:
SF:models\index.js
FN:20,(anonymous_0)
FN:23,(anonymous_1)
FN:28,(anonymous_2)
FNF:3
FNH:3
FNDA:15,(anonymous_0)
FNDA:12,(anonymous_1)
FNDA:12,(anonymous_2)
DA:3,3
DA:4,3
DA:5,3
DA:6,3
DA:7,3
DA:8,3
DA:9,3
DA:12,3
DA:13,0
DA:15,3
DA:18,3
DA:21,15
DA:24,12
DA:25,12
DA:28,3
DA:29,12
DA:30,12
DA:34,3
DA:35,3
DA:37,3
LF:20
LH:19
BRDA:7,0,0,3
BRDA:7,0,1,0
BRDA:12,1,0,0
BRDA:12,1,1,3
BRDA:21,2,0,15
BRDA:21,2,1,15
BRDA:21,2,2,12
BRDA:29,3,0,12
BRDA:29,3,1,0
BRF:9
BRH:6
end_of_record
TN:
SF:models\report.js
FN:5,(anonymous_0)
FN:12,(anonymous_1)
FNF:2
FNH:2
FNDA:3,(anonymous_0)
FNDA:3,(anonymous_1)
DA:4,3
DA:5,3
DA:14,3
DA:17,3
DA:25,3
LF:5
LH:5
BRF:0
BRH:0
end_of_record
TN:
SF:models\transaction.js
FN:5,(anonymous_0)
FN:12,(anonymous_1)
FNF:2
FNH:2
FNDA:3,(anonymous_0)
FNDA:3,(anonymous_1)
DA:4,3
DA:5,3
DA:14,3
DA:15,3
DA:18,3
DA:34,3
LF:6
LH:6
BRF:0
BRH:0
end_of_record
TN:
SF:routes\donationRouter.js
FNF:0
FNH:0
DA:1,3
DA:2,3
DA:3,3
DA:6,3
DA:7,3
DA:8,3
DA:10,3
DA:11,3
DA:12,3
DA:13,3
DA:15,3
DA:17,3
DA:19,3
DA:20,3
DA:21,3
DA:26,3
DA:27,3
LF:17
LH:17
BRF:0
BRH:0
end_of_record
TN:
SF:routes\index.js
FN:5,(anonymous_0)
FNF:1
FNH:0
FNDA:0,(anonymous_0)
DA:1,3
DA:2,3
DA:3,3
DA:5,3
DA:6,0
DA:9,3
DA:10,3
DA:11,3
LF:8
LH:7
BRF:0
BRH:0
end_of_record
TN:
SF:routes\userRouter.js
FNF:0
FNH:0
DA:1,3
DA:2,3
DA:3,3
DA:4,3
DA:6,3
DA:7,3
DA:8,3
DA:9,3
DA:10,3
DA:11,3
DA:13,3
DA:15,3
LF:12
LH:12
BRF:0
BRH:0
end_of_record
